分类: 📺央视频道, 名称: CCTV-2, 有效: 5, IPv4: 53, IPv6: 0, 最小延迟: 202 ms, 最高速率: 7.83 M/s, 平均速率: 6.62 M/s, 最高分辨率: 1920x1080
分类: 📺央视频道, 名称: CCTV-3, 有效: 5, IPv4: 48, IPv6: 0, 最小延迟: 205 ms, 最高速率: 7.98 M/s, 平均速率: 5.36 M/s, 最高分辨率: 1920x1080
分类: 📺央视频道, 名称: CCTV-5, 有效: 5, IPv4: 55, IPv6: 0, 最小延迟: 267 ms, 最高速率: 11.55 M/s, 平均速率: 8.46 M/s, 最高分辨率: 1920x1080
分类: 📺央视频道, 名称: CCTV-1, 有效: 5, IPv4: 49, IPv6: 0, 最小延迟: 247 ms, 最高速率: 4.53 M/s, 平均速率: 4.28 M/s, 最高分辨率: 1920x1080
分类: 📺央视频道, 名称: CCTV-4, 有效: 5, IPv4: 49, IPv6: 0, 最小延迟: 237 ms, 最高速率: 6.80 M/s, 平均速率: 4.43 M/s, 最高分辨率: 1920x1080
分类: 📺央视频道, 名称: CCTV-5+, 有效: 4, IPv4: 30, IPv6: 0, 最小延迟: 215 ms, 最高速率: 8.53 M/s, 平均速率: 5.24 M/s, 最高分辨率: 1920x1080
分类: 📺央视频道, 名称: CCTV-7, 有效: 5, IPv4: 44, IPv6: 0, 最小延迟: 218 ms, 最高速率: 11.78 M/s, 平均速率: 7.09 M/s, 最高分辨率: 1920x1080
分类: 📺央视频道, 名称: CCTV-8, 有效: 5, IPv4: 47, IPv6: 0, 最小延迟: 211 ms, 最高速率: 11.02 M/s, 平均速率: 4.91 M/s, 最高分辨率: 1920x1080
分类: 📺央视频道, 名称: CCTV-9, 有效: 5, IPv4: 48, IPv6: 0, 最小延迟: 219 ms, 最高速率: 12.94 M/s, 平均速率: 7.96 M/s, 最高分辨率: 1920x1080
分类: 📺央视频道, 名称: CCTV-10, 有效: 5, IPv4: 48, IPv6: 0, 最小延迟: 211 ms, 最高速率: 12.37 M/s, 平均速率: 4.89 M/s, 最高分辨率: 1920x1080
分类: 📺央视频道, 名称: CCTV-6, 有效: 5, IPv4: 45, IPv6: 0, 最小延迟: 274 ms, 最高速率: 6.42 M/s, 平均速率: 3.77 M/s, 最高分辨率: 1920x1080
分类: 📺央视频道, 名称: CCTV-12, 有效: 5, IPv4: 43, IPv6: 0, 最小延迟: 221 ms, 最高速率: 11.11 M/s, 平均速率: 5.18 M/s, 最高分辨率: 1920x1080
分类: 📺央视频道, 名称: CCTV-14, 有效: 5, IPv4: 43, IPv6: 0, 最小延迟: 293 ms, 最高速率: 12.35 M/s, 平均速率: 8.33 M/s, 最高分辨率: 1920x1080
分类: 📺央视频道, 名称: CCTV-15, 有效: 5, IPv4: 53, IPv6: 0, 最小延迟: 223 ms, 最高速率: 10.58 M/s, 平均速率: 8.44 M/s, 最高分辨率: 1920x1080
分类: 📺央视频道, 名称: CCTV-16, 有效: 5, IPv4: 16, IPv6: 0, 最小延迟: 221 ms, 最高速率: 12.91 M/s, 平均速率: 7.80 M/s, 最高分辨率: 1920x1080
分类: 📺央视频道, 名称: CCTV-17, 有效: 5, IPv4: 32, IPv6: 0, 最小延迟: 205 ms, 最高速率: 10.74 M/s, 平均速率: 6.19 M/s, 最高分辨率: 1920x1080
分类: 📺央视频道, 名称: CCTV-11, 有效: 5, IPv4: 44, IPv6: 0, 最小延迟: 211 ms, 最高速率: 4.37 M/s, 平均速率: 3.20 M/s, 最高分辨率: 1920x1080
分类: 📺央视频道, 名称: CCTV-13, 有效: 5, IPv4: 50, IPv6: 0, 最小延迟: 267 ms, 最高速率: 7.86 M/s, 平均速率: 5.48 M/s, 最高分辨率: 1920x1080
分类: 📺央视频道, 名称: CETV-1, 有效: 2, IPv4: 28, IPv6: 0, 最小延迟: 393 ms, 最高速率: 12.98 M/s, 平均速率: 6.84 M/s, 最高分辨率: 1920x1080
分类: 📺央视频道, 名称: CETV-2, 有效: 0, IPv4: 13, IPv6: 0, 最小延迟: 2887 ms, 最高速率: 0.75 M/s, 平均速率: 0.00 M/s, 最高分辨率: 720x576
分类: 📺央视频道, 名称: CETV-3, 有效: 1, IPv4: 5, IPv6: 0, 最小延迟: 347 ms, 最高速率: 7.49 M/s, 平均速率: 7.49 M/s, 最高分辨率: 1280x720
分类: 📺央视频道, 名称: CETV-4, 有效: 0, IPv4: 20, IPv6: 0, 最小延迟: -1 ms, 最高速率: 0.00 M/s, 平均速率: 0.00 M/s, 最高分辨率: None
分类: 📡卫视频道, 名称: 广东卫视, 有效: 5, IPv4: 44, IPv6: 0, 最小延迟: 357 ms, 最高速率: 20.81 M/s, 平均速率: 9.39 M/s, 最高分辨率: 1920x1080
分类: 📡卫视频道, 名称: 香港卫视, 有效: 1, IPv4: 8, IPv6: 0, 最小延迟: 10363 ms, 最高速率: 0.25 M/s, 平均速率: 0.25 M/s, 最高分辨率: 1280x720
分类: 📡卫视频道, 名称: 湖南卫视, 有效: 5, IPv4: 46, IPv6: 0, 最小延迟: 216 ms, 最高速率: 11.41 M/s, 平均速率: 6.06 M/s, 最高分辨率: 1920x1080
分类: 📡卫视频道, 名称: 浙江卫视, 有效: 3, IPv4: 36, IPv6: 0, 最小延迟: 356 ms, 最高速率: 10.07 M/s, 平均速率: 9.85 M/s, 最高分辨率: 1920x1080
分类: 📡卫视频道, 名称: 北京卫视, 有效: 2, IPv4: 40, IPv6: 0, 最小延迟: 73 ms, 最高速率: 11.76 M/s, 平均速率: 9.24 M/s, 最高分辨率: 1920x1080
分类: 📡卫视频道, 名称: 湖北卫视, 有效: 3, IPv4: 37, IPv6: 0, 最小延迟: 206 ms, 最高速率: 11.91 M/s, 平均速率: 8.56 M/s, 最高分辨率: 1920x1080
分类: 📡卫视频道, 名称: 黑龙江卫视, 有效: 1, IPv4: 28, IPv6: 0, 最小延迟: 377 ms, 最高速率: 11.43 M/s, 平均速率: 11.43 M/s, 最高分辨率: 1920x1080
分类: 📡卫视频道, 名称: 安徽卫视, 有效: 1, IPv4: 29, IPv6: 0, 最小延迟: 409 ms, 最高速率: 10.05 M/s, 平均速率: 10.05 M/s, 最高分辨率: 1920x1080
分类: 📡卫视频道, 名称: 重庆卫视, 有效: 2, IPv4: 35, IPv6: 0, 最小延迟: 349 ms, 最高速率: 11.90 M/s, 平均速率: 11.88 M/s, 最高分辨率: 1920x1080
分类: 📡卫视频道, 名称: 东方卫视, 有效: 4, IPv4: 36, IPv6: 0, 最小延迟: 213 ms, 最高速率: 7.36 M/s, 平均速率: 5.52 M/s, 最高分辨率: 1920x1080
分类: 📡卫视频道, 名称: 东南卫视, 有效: 1, IPv4: 27, IPv6: 0, 最小延迟: 361 ms, 最高速率: 12.11 M/s, 平均速率: 12.11 M/s, 最高分辨率: 1920x1080
分类: 📡卫视频道, 名称: 甘肃卫视, 有效: 2, IPv4: 24, IPv6: 0, 最小延迟: 349 ms, 最高速率: 9.46 M/s, 平均速率: 9.33 M/s, 最高分辨率: 1920x1080
分类: 📡卫视频道, 名称: 广西卫视, 有效: 2, IPv4: 32, IPv6: 0, 最小延迟: 328 ms, 最高速率: 11.52 M/s, 平均速率: 11.40 M/s, 最高分辨率: 1280x720
分类: 📡卫视频道, 名称: 贵州卫视, 有效: 2, IPv4: 30, IPv6: 0, 最小延迟: 352 ms, 最高速率: 12.99 M/s, 平均速率: 6.95 M/s, 最高分辨率: 1920x1080
分类: 📡卫视频道, 名称: 海南卫视, 有效: 0, IPv4: 23, IPv6: 0, 最小延迟: 10189 ms, 最高速率: 0.17 M/s, 平均速率: 0.00 M/s, 最高分辨率: 1920x1080
分类: 📡卫视频道, 名称: 河北卫视, 有效: 1, IPv4: 25, IPv6: 0, 最小延迟: 397 ms, 最高速率: 12.55 M/s, 平均速率: 12.55 M/s, 最高分辨率: 1920x1080
分类: 📡卫视频道, 名称: 河南卫视, 有效: 2, IPv4: 34, IPv6: 0, 最小延迟: 190 ms, 最高速率: 11.81 M/s, 平均速率: 7.63 M/s, 最高分辨率: 1920x1080
分类: 📡卫视频道, 名称: 吉林卫视, 有效: 1, IPv4: 27, IPv6: 0, 最小延迟: 331 ms, 最高速率: 11.28 M/s, 平均速率: 11.28 M/s, 最高分辨率: 1920x1080
分类: 📡卫视频道, 名称: 江苏卫视, 有效: 3, IPv4: 37, IPv6: 0, 最小延迟: 344 ms, 最高速率: 11.91 M/s, 平均速率: 7.92 M/s, 最高分辨率: 1920x1080
分类: 📡卫视频道, 名称: 江西卫视, 有效: 2, IPv4: 40, IPv6: 0, 最小延迟: 331 ms, 最高速率: 9.82 M/s, 平均速率: 7.24 M/s, 最高分辨率: 1920x1080
分类: 📡卫视频道, 名称: 辽宁卫视, 有效: 1, IPv4: 32, IPv6: 0, 最小延迟: 351 ms, 最高速率: 12.39 M/s, 平均速率: 12.39 M/s, 最高分辨率: 1920x1080
分类: 📡卫视频道, 名称: 宁夏卫视, 有效: 5, IPv4: 31, IPv6: 0, 最小延迟: 345 ms, 最高速率: 12.37 M/s, 平均速率: 11.36 M/s, 最高分辨率: 1920x1080
分类: 📡卫视频道, 名称: 内蒙古卫视, 有效: 3, IPv4: 26, IPv6: 0, 最小延迟: 345 ms, 最高速率: 12.42 M/s, 平均速率: 11.81 M/s, 最高分辨率: 1920x1080
分类: 📡卫视频道, 名称: 青海卫视, 有效: 3, IPv4: 25, IPv6: 0, 最小延迟: 184 ms, 最高速率: 12.29 M/s, 平均速率: 8.66 M/s, 最高分辨率: 1920x1080
分类: 📡卫视频道, 名称: 山东卫视, 有效: 3, IPv4: 28, IPv6: 0, 最小延迟: 352 ms, 最高速率: 11.97 M/s, 平均速率: 8.15 M/s, 最高分辨率: 1920x1080
分类: 📡卫视频道, 名称: 山西卫视, 有效: 0, IPv4: 25, IPv6: 0, 最小延迟: 1668 ms, 最高速率: 0.41 M/s, 平均速率: 0.00 M/s, 最高分辨率: 1920x1080
分类: 📡卫视频道, 名称: 陕西卫视, 有效: 3, IPv4: 33, IPv6: 0, 最小延迟: 356 ms, 最高速率: 12.23 M/s, 平均速率: 11.22 M/s, 最高分辨率: 1920x1080
分类: 📡卫视频道, 名称: 四川卫视, 有效: 1, IPv4: 38, IPv6: 0, 最小延迟: 349 ms, 最高速率: 11.32 M/s, 平均速率: 11.32 M/s, 最高分辨率: 1920x1080
分类: 📡卫视频道, 名称: 深圳卫视, 有效: 4, IPv4: 30, IPv6: 0, 最小延迟: 360 ms, 最高速率: 11.11 M/s, 平均速率: 7.60 M/s, 最高分辨率: 1920x1080
分类: 📡卫视频道, 名称: 三沙卫视, 有效: 2, IPv4: 9, IPv6: 0, 最小延迟: 403 ms, 最高速率: 13.07 M/s, 平均速率: 11.55 M/s, 最高分辨率: 1920x1080
分类: 📡卫视频道, 名称: 天津卫视, 有效: 2, IPv4: 29, IPv6: 0, 最小延迟: 343 ms, 最高速率: 11.79 M/s, 平均速率: 11.58 M/s, 最高分辨率: 1920x1080
分类: 📡卫视频道, 名称: 西藏卫视, 有效: 1, IPv4: 26, IPv6: 0, 最小延迟: 380 ms, 最高速率: 11.93 M/s, 平均速率: 11.93 M/s, 最高分辨率: 1920x1080
分类: 📡卫视频道, 名称: 新疆卫视, 有效: 5, IPv4: 36, IPv6: 0, 最小延迟: 204 ms, 最高速率: 12.07 M/s, 平均速率: 8.23 M/s, 最高分辨率: 1920x1080
分类: ☘️湖南频道, 名称: 湖南都市, 有效: 0, IPv4: 1, IPv6: 0, 最小延迟: -1 ms, 最高速率: 0.00 M/s, 平均速率: 0.00 M/s, 最高分辨率: None
分类: ☘️湖南频道, 名称: 湖南视剧, 有效: 0, IPv4: 1, IPv6: 0, 最小延迟: -1 ms, 最高速率: 0.00 M/s, 平均速率: 0.00 M/s, 最高分辨率: None
分类: ☘️湖南频道, 名称: 湖南经视, 有效: 0, IPv4: 1, IPv6: 0, 最小延迟: -1 ms, 最高速率: 0.00 M/s, 平均速率: 0.00 M/s, 最高分辨率: None
分类: ☘️湖南频道, 名称: 湖南电影, 有效: 0, IPv4: 1, IPv6: 0, 最小延迟: -1 ms, 最高速率: 0.00 M/s, 平均速率: 0.00 M/s, 最高分辨率: None
分类: ☘️湖南频道, 名称: 湖南爱晚, 有效: 0, IPv4: 2, IPv6: 0, 最小延迟: -1 ms, 最高速率: 0.00 M/s, 平均速率: 0.00 M/s, 最高分辨率: None
分类: ☘️湖南频道, 名称: 湖南娱乐, 有效: 0, IPv4: 1, IPv6: 0, 最小延迟: -1 ms, 最高速率: 0.00 M/s, 平均速率: 0.00 M/s, 最高分辨率: None
分类: ☘️湖南频道, 名称: 湖南国际, 有效: 0, IPv4: 1, IPv6: 0, 最小延迟: -1 ms, 最高速率: 0.00 M/s, 平均速率: 0.00 M/s, 最高分辨率: None
分类: 📡卫视频道, 名称: 云南卫视, 有效: 1, IPv4: 30, IPv6: 0, 最小延迟: 344 ms, 最高速率: 12.52 M/s, 平均速率: 12.52 M/s, 最高分辨率: 1920x1080
分类: ☘️湖南频道, 名称: 湖南教育, 有效: 0, IPv4: 1, IPv6: 0, 最小延迟: -1 ms, 最高速率: 0.00 M/s, 平均速率: 0.00 M/s, 最高分辨率: None
分类: ☘️湖南频道, 名称: 金鹰纪实, 有效: 0, IPv4: 4, IPv6: 0, 最小延迟: 10241 ms, 最高速率: 0.00 M/s, 平均速率: 0.00 M/s, 最高分辨率: None
分类: ☘️湖南频道, 名称: 娄底综合, 有效: 0, IPv4: 1, IPv6: 0, 最小延迟: -1 ms, 最高速率: 0.00 M/s, 平均速率: 0.00 M/s, 最高分辨率: None
分类: 🌊港·澳·台, 名称: 翡翠台, 有效: 0, IPv4: 11, IPv6: 0, 最小延迟: 245 ms, 最高速率: 1.45 M/s, 平均速率: 0.00 M/s, 最高分辨率: 1920x1080
分类: 🌊港·澳·台, 名称: 明珠台, 有效: 0, IPv4: 2, IPv6: 0, 最小延迟: 1481 ms, 最高速率: 0.37 M/s, 平均速率: 0.00 M/s, 最高分辨率: 1920x1080
分类: 🌊港·澳·台, 名称: 凤凰中文, 有效: 2, IPv4: 20, IPv6: 0, 最小延迟: 68 ms, 最高速率: 0.55 M/s, 平均速率: 0.49 M/s, 最高分辨率: 1920x1080
分类: 🌊港·澳·台, 名称: 凤凰资讯, 有效: 1, IPv4: 13, IPv6: 0, 最小延迟: 1857 ms, 最高速率: 0.31 M/s, 平均速率: 0.31 M/s, 最高分辨率: 1920x1080
分类: 🌊港·澳·台, 名称: 凤凰卫视, 有效: 1, IPv4: 2, IPv6: 0, 最小延迟: 247 ms, 最高速率: 1.39 M/s, 平均速率: 0.55 M/s, 最高分辨率: 1920x1080
分类: 🌊港·澳·台, 名称: 纬来体育, 有效: 0, IPv4: 2, IPv6: 0, 最小延迟: -1 ms, 最高速率: 0.00 M/s, 平均速率: 0.00 M/s, 最高分辨率: 1280x720
分类: 🌊港·澳·台, 名称: 纬来育乐, 有效: 0, IPv4: 6, IPv6: 0, 最小延迟: -1 ms, 最高速率: 0.00 M/s, 平均速率: 0.00 M/s, 最高分辨率: 1280x720
分类: 🌊港·澳·台, 名称: TVBS亚洲, 有效: 1, IPv4: 1, IPv6: 0, 最小延迟: 3714 ms, 最高速率: 0.57 M/s, 平均速率: 0.57 M/s, 最高分辨率: 1920x1080
分类: 🌊港·澳·台, 名称: 三立新闻, 有效: 0, IPv4: 1, IPv6: 0, 最小延迟: -1 ms, 最高速率: 0.00 M/s, 平均速率: 0.00 M/s, 最高分辨率: None
分类: 🌊港·澳·台, 名称: 东森超视, 有效: 1, IPv4: 3, IPv6: 0, 最小延迟: 1083 ms, 最高速率: 1.01 M/s, 平均速率: 1.01 M/s, 最高分辨率: 1920x1080
分类: 🌊港·澳·台, 名称: Now剧集, 有效: 0, IPv4: 2, IPv6: 0, 最小延迟: -1 ms, 最高速率: 0.00 M/s, 平均速率: 0.00 M/s, 最高分辨率: None
分类: 🌊港·澳·台, 名称: Now华剧, 有效: 0, IPv4: 2, IPv6: 0, 最小延迟: -1 ms, 最高速率: 0.00 M/s, 平均速率: 0.00 M/s, 最高分辨率: None
分类: 🌊港·澳·台, 名称: 凤凰香港, 有效: 0, IPv4: 10, IPv6: 0, 最小延迟: 245 ms, 最高速率: 1.66 M/s, 平均速率: 0.00 M/s, 最高分辨率: 840x480
分类: 🌊港·澳·台, 名称: 星卫娱乐, 有效: 0, IPv4: 1, IPv6: 0, 最小延迟: -1 ms, 最高速率: 0.00 M/s, 平均速率: 0.00 M/s, 最高分辨率: None
分类: 🌊港·澳·台, 名称: 东森综合, 有效: 1, IPv4: 3, IPv6: 0, 最小延迟: 1278 ms, 最高速率: 0.63 M/s, 平均速率: 0.63 M/s, 最高分辨率: 1920x1080
分类: 🌊港·澳·台, 名称: 靖天资讯, 有效: 0, IPv4: 4, IPv6: 0, 最小延迟: 421 ms, 最高速率: 0.00 M/s, 平均速率: 0.00 M/s, 最高分辨率: None
分类: 🎬电影频道, 名称: CHC家庭影院, 有效: 4, IPv4: 8, IPv6: 0, 最小延迟: 286 ms, 最高速率: 5.95 M/s, 平均速率: 5.86 M/s, 最高分辨率: 1920x1080
分类: 🌊港·澳·台, 名称: 东森电影, 有效: 0, IPv4: 3, IPv6: 0, 最小延迟: -1 ms, 最高速率: 0.00 M/s, 平均速率: 0.00 M/s, 最高分辨率: None
分类: 🎬电影频道, 名称: CHC动作电影, 有效: 4, IPv4: 8, IPv6: 0, 最小延迟: 230 ms, 最高速率: 6.20 M/s, 平均速率: 5.35 M/s, 最高分辨率: 1280x720
分类: 🎬电影频道, 名称: 淘剧场, 有效: 0, IPv4: 2, IPv6: 0, 最小延迟: -1 ms, 最高速率: 0.00 M/s, 平均速率: 0.00 M/s, 最高分辨率: None
分类: 🎬电影频道, 名称: 淘娱乐, 有效: 0, IPv4: 2, IPv6: 0, 最小延迟: -1 ms, 最高速率: 0.00 M/s, 平均速率: 0.00 M/s, 最高分辨率: None
分类: 🎬电影频道, 名称: 纬来电影, 有效: 0, IPv4: 8, IPv6: 0, 最小延迟: 708 ms, 最高速率: 0.37 M/s, 平均速率: 0.00 M/s, 最高分辨率: 1920x1080
分类: 🎬电影频道, 名称: NewTV惊悚悬疑, 有效: 0, IPv4: 2, IPv6: 0, 最小延迟: -1 ms, 最高速率: 0.00 M/s, 平均速率: 0.00 M/s, 最高分辨率: None
分类: 🎬电影频道, 名称: 经典电影, 有效: 0, IPv4: 2, IPv6: 0, 最小延迟: -1 ms, 最高速率: 0.00 M/s, 平均速率: 0.00 M/s, 最高分辨率: None
分类: 🎬电影频道, 名称: NewTV动作电影, 有效: 0, IPv4: 1, IPv6: 0, 最小延迟: -1 ms, 最高速率: 0.00 M/s, 平均速率: 0.00 M/s, 最高分辨率: None
分类: 🎬电影频道, 名称: 靖天映画, 有效: 1, IPv4: 6, IPv6: 0, 最小延迟: 412 ms, 最高速率: 0.68 M/s, 平均速率: 0.68 M/s, 最高分辨率: 1920x1080
分类: 🎬电影频道, 名称: 私人影院, 有效: 0, IPv4: 1, IPv6: 0, 最小延迟: -1 ms, 最高速率: 0.00 M/s, 平均速率: 0.00 M/s, 最高分辨率: None
分类: 🎬电影频道, 名称: 龙祥电影, 有效: 0, IPv4: 5, IPv6: 0, 最小延迟: -1 ms, 最高速率: 0.00 M/s, 平均速率: 0.00 M/s, 最高分辨率: None
分类: 🎬电影频道, 名称: 东森洋片, 有效: 0, IPv4: 8, IPv6: 0, 最小延迟: -1 ms, 最高速率: 0.00 M/s, 平均速率: 0.00 M/s, 最高分辨率: None
分类: 🎬电影频道, 名称: 靖天戏剧, 有效: 1, IPv4: 6, IPv6: 0, 最小延迟: 449 ms, 最高速率: 1.10 M/s, 平均速率: 1.10 M/s, 最高分辨率: 1920x1080
分类: 🎬电影频道, 名称: 天映经典, 有效: 0, IPv4: 8, IPv6: 0, 最小延迟: 3263 ms, 最高速率: 0.13 M/s, 平均速率: 0.00 M/s, 最高分辨率: None
分类: 🎬电影频道, 名称: 星空卫视, 有效: 0, IPv4: 1, IPv6: 0, 最小延迟: -1 ms, 最高速率: 0.00 M/s, 平均速率: 0.00 M/s, 最高分辨率: None
分类: 🎵音乐频道, 名称: 音乐现场, 有效: 0, IPv4: 2, IPv6: 0, 最小延迟: 99 ms, 最高速率: 1.15 M/s, 平均速率: 0.00 M/s, 最高分辨率: None
分类: 🎵音乐频道, 名称: 音乐调频广播, 有效: 0, IPv4: 1, IPv6: 0, 最小延迟: -1 ms, 最高速率: 0.00 M/s, 平均速率: 0.00 M/s, 最高分辨率: None
分类: 🎵音乐频道, 名称: 潮流音乐, 有效: 0, IPv4: 1, IPv6: 0, 最小延迟: 709 ms, 最高速率: 0.53 M/s, 平均速率: 0.00 M/s, 最高分辨率: None
分类: 🏛经典剧场, 名称: 天龙八部, 有效: 0, IPv4: 1, IPv6: 0, 最小延迟: -1 ms, 最高速率: 0.00 M/s, 平均速率: 0.00 M/s, 最高分辨率: None
分类: 🎵音乐频道, 名称: 风云音乐, 有效: 1, IPv4: 9, IPv6: 0, 最小延迟: 372 ms, 最高速率: 11.20 M/s, 平均速率: 11.20 M/s, 最高分辨率: 1280x720
分类: 🏛经典剧场, 名称: 西游记, 有效: 0, IPv4: 3, IPv6: 0, 最小延迟: -1 ms, 最高速率: 0.00 M/s, 平均速率: 0.00 M/s, 最高分辨率: None
分类: 🏛经典剧场, 名称: 闯关东, 有效: 0, IPv4: 1, IPv6: 0, 最小延迟: -1 ms, 最高速率: 0.00 M/s, 平均速率: 0.00 M/s, 最高分辨率: None
